{"/Users/bill/Documents/code/minha-lib-ts/src/simetra-sdk-DEV.ts": {"path":"/Users/bill/Documents/code/minha-lib-ts/src/simetra-sdk-DEV.ts","statementMap":{"0":{"start":{"line":1,"column":0},"end":{"line":1,"column":28}},"1":{"start":{"line":2,"column":0},"end":{"line":2,"column":28}},"2":{"start":{"line":3,"column":0},"end":{"line":3,"column":39}},"3":{"start":{"line":4,"column":0},"end":{"line":6,"column":3}},"4":{"start":{"line":8,"column":0},"end":{"line":22,"column":5}},"5":{"start":{"line":8,"column":1},"end":{"line":22,"column":2}},"6":{"start":{"line":10,"column":10},"end":{"line":14,"column":7}},"7":{"start":{"line":15,"column":14},"end":{"line":17,"column":null}},"8":{"start":{"line":15,"column":10},"end":{"line":17,"column":null}},"9":{"start":{"line":18,"column":4},"end":{"line":18,"column":19}},"10":{"start":{"line":20,"column":4},"end":{"line":20,"column":26}}},"fnMap":{"0":{"name":"(anonymous_13)","decl":{"start":{"line":8,"column":1},"end":{"line":8,"column":null}},"loc":{"start":{"line":8,"column":1},"end":{"line":22,"column":2}}}},"branchMap":{"0":{"loc":{"start":{"line":11,"column":15},"end":{"line":11,"column":42}},"type":"binary-expr","locations":[{"start":{"line":11,"column":15},"end":{"line":11,"column":42}},{"start":{"line":11,"column":46},"end":{"line":11,"column":48}}]},"1":{"loc":{"start":{"line":12,"column":13},"end":{"line":12,"column":38}},"type":"binary-expr","locations":[{"start":{"line":12,"column":13},"end":{"line":12,"column":38}},{"start":{"line":12,"column":42},"end":{"line":12,"column":44}}]},"2":{"loc":{"start":{"line":13,"column":15},"end":{"line":13,"column":43}},"type":"binary-expr","locations":[{"start":{"line":13,"column":15},"end":{"line":13,"column":43}},{"start":{"line":13,"column":47},"end":{"line":13,"column":49}}]}},"s":{"0":0,"1":0,"2":0,"3":0,"4":0,"5":0,"6":0,"7":0,"8":0,"9":0,"10":0},"f":{"0":0},"b":{"0":[0,0],"1":[0,0],"2":[0,0]}}
,"/Users/bill/Documents/code/minha-lib-ts/src/simetra-sdk.ts": {"path":"/Users/bill/Documents/code/minha-lib-ts/src/simetra-sdk.ts","statementMap":{"0":{"start":{"line":1,"column":0},"end":{"line":1,"column":42}},"1":{"start":{"line":4,"column":0},"end":{"line":4,"column":null}},"2":{"start":{"line":8,"column":4},"end":{"line":8,"column":25}},"3":{"start":{"line":11,"column":2},"end":{"line":13,"column":null}},"4":{"start":{"line":12,"column":4},"end":{"line":12,"column":36}},"5":{"start":{"line":14,"column":0},"end":{"line":14,"column":null}}},"fnMap":{"0":{"name":"(anonymous_0)","decl":{"start":{"line":4,"column":0},"end":{"line":4,"column":null}},"loc":{"start":{"line":4,"column":0},"end":{"line":14,"column":null}}},"1":{"name":"SimetraSdk","decl":{"start":{"line":7,"column":2},"end":{"line":7,"column":14}},"loc":{"start":{"line":7,"column":29},"end":{"line":9,"column":3}}},"2":{"name":"(anonymous_2)","decl":{"start":{"line":11,"column":2},"end":{"line":11,"column":6}},"loc":{"start":{"line":11,"column":2},"end":{"line":13,"column":3}}}},"branchMap":{},"s":{"0":0,"1":0,"2":0,"3":0,"4":0,"5":0},"f":{"0":0,"1":0,"2":0},"b":{}}
,"/Users/bill/Documents/code/minha-lib-ts/src/http/ApiError.ts": {"path":"/Users/bill/Documents/code/minha-lib-ts/src/http/ApiError.ts","statementMap":{"0":{"start":{"line":4,"column":0},"end":{"line":4,"column":null}},"1":{"start":{"line":9,"column":20},"end":{"line":9,"column":22}},"2":{"start":{"line":9,"column":28},"end":{"line":9,"column":30}},"3":{"start":{"line":9,"column":37},"end":{"line":9,"column":53}},"4":{"start":{"line":10,"column":4},"end":{"line":10,"column":21}},"5":{"start":{"line":11,"column":4},"end":{"line":11,"column":25}},"6":{"start":{"line":12,"column":4},"end":{"line":12,"column":27}},"7":{"start":{"line":14,"column":4},"end":{"line":14,"column":52}},"8":{"start":{"line":15,"column":4},"end":{"line":15,"column":44}},"9":{"start":{"line":17,"column":0},"end":{"line":17,"column":null}}},"fnMap":{"0":{"name":"(anonymous_0)","decl":{"start":{"line":4,"column":0},"end":{"line":4,"column":null}},"loc":{"start":{"line":4,"column":0},"end":{"line":17,"column":null}}},"1":{"name":"ApiError","decl":{"start":{"line":9,"column":2},"end":{"line":9,"column":14}},"loc":{"start":{"line":9,"column":53},"end":{"line":16,"column":3}}}},"branchMap":{},"s":{"0":0,"1":0,"2":0,"3":0,"4":0,"5":0,"6":0,"7":0,"8":0,"9":0},"f":{"0":0,"1":0},"b":{}}
,"/Users/bill/Documents/code/minha-lib-ts/src/http/HttpClient.ts": {"path":"/Users/bill/Documents/code/minha-lib-ts/src/http/HttpClient.ts","statementMap":{"0":{"start":{"line":2,"column":0},"end":{"line":2,"column":65}},"1":{"start":{"line":4,"column":0},"end":{"line":4,"column":34}},"2":{"start":{"line":7,"column":0},"end":{"line":7,"column":null}},"3":{"start":{"line":11,"column":4},"end":{"line":14,"column":7}},"4":{"start":{"line":17,"column":15},"end":{"line":61,"column":null}},"5":{"start":{"line":18,"column":10},"end":{"line":18,"column":null}},"6":{"start":{"line":19,"column":4},"end":{"line":19,"column":7}},"7":{"start":{"line":19,"column":7},"end":{"line":19,"column":null}},"8":{"start":{"line":20,"column":4},"end":{"line":20,"column":10}},"9":{"start":{"line":20,"column":10},"end":{"line":20,"column":null}},"10":{"start":{"line":21,"column":4},"end":{"line":21,"column":10}},"11":{"start":{"line":21,"column":19},"end":{"line":21,"column":null}},"12":{"start":{"line":22,"column":4},"end":{"line":22,"column":11}},"13":{"start":{"line":22,"column":11},"end":{"line":22,"column":null}},"14":{"start":{"line":25,"column":12},"end":{"line":31,"column":8}},"15":{"start":{"line":33,"column":53},"end":{"line":35,"column":null}},"16":{"start":{"line":33,"column":12},"end":{"line":33,"column":53}},"17":{"start":{"line":37,"column":6},"end":{"line":47,"column":8}},"18":{"start":{"line":49,"column":6},"end":{"line":58,"column":null}},"19":{"start":{"line":51,"column":10},"end":{"line":51,"column":36}},"20":{"start":{"line":53,"column":8},"end":{"line":57,"column":11}},"21":{"start":{"line":59,"column":6},"end":{"line":59,"column":37}},"22":{"start":{"line":62,"column":0},"end":{"line":62,"column":null}},"23":{"start":{"line":64,"column":0},"end":{"line":64,"column":26}}},"fnMap":{"0":{"name":"(anonymous_13)","decl":{"start":{"line":7,"column":0},"end":{"line":7,"column":null}},"loc":{"start":{"line":7,"column":0},"end":{"line":62,"column":null}}},"1":{"name":"HttpClient","decl":{"start":{"line":10,"column":2},"end":{"line":10,"column":14}},"loc":{"start":{"line":10,"column":33},"end":{"line":15,"column":3}}},"2":{"name":"(anonymous_15)","decl":{"start":{"line":17,"column":2},"end":{"line":17,"column":15}},"loc":{"start":{"line":23,"column":13},"end":{"line":61,"column":null}}}},"branchMap":{"0":{"loc":{"start":{"line":19,"column":10},"end":{"line":19,"column":12}},"type":"cond-expr","locations":[{"start":{"line":19,"column":10},"end":{"line":19,"column":12}},{"start":{"line":19,"column":12},"end":{"line":19,"column":null}}]},"1":{"loc":{"start":{"line":20,"column":13},"end":{"line":20,"column":15}},"type":"cond-expr","locations":[{"start":{"line":20,"column":13},"end":{"line":20,"column":15}},{"start":{"line":20,"column":15},"end":{"line":20,"column":null}}]},"2":{"loc":{"start":{"line":21,"column":22},"end":{"line":21,"column":24}},"type":"cond-expr","locations":[{"start":{"line":21,"column":22},"end":{"line":21,"column":24}},{"start":{"line":21,"column":24},"end":{"line":21,"column":null}}]},"3":{"loc":{"start":{"line":22,"column":14},"end":{"line":22,"column":16}},"type":"cond-expr","locations":[{"start":{"line":22,"column":14},"end":{"line":22,"column":16}},{"start":{"line":22,"column":16},"end":{"line":22,"column":null}}]},"4":{"loc":{"start":{"line":49,"column":6},"end":{"line":58,"column":null}},"type":"if","locations":[{"start":{"line":49,"column":6},"end":{"line":58,"column":null}},{"start":{"line":49,"column":6},"end":{"line":58,"column":null}}]}},"s":{"0":0,"1":0,"2":0,"3":0,"4":0,"5":0,"6":0,"7":0,"8":0,"9":0,"10":0,"11":0,"12":0,"13":0,"14":0,"15":0,"16":0,"17":0,"18":0,"19":0,"20":0,"21":0,"22":0,"23":0},"f":{"0":0,"1":0,"2":0},"b":{"0":[0,0],"1":[0,0],"2":[0,0],"3":[0,0],"4":[0,0]}}
,"/Users/bill/Documents/code/minha-lib-ts/src/resources/Cliente.ts": {"path":"/Users/bill/Documents/code/minha-lib-ts/src/resources/Cliente.ts","statementMap":{"0":{"start":{"line":1,"column":0},"end":{"line":1,"column":34}},"1":{"start":{"line":5,"column":0},"end":{"line":5,"column":42}},"2":{"start":{"line":7,"column":0},"end":{"line":7,"column":null}},"3":{"start":{"line":7,"column":37},"end":{"line":7,"column":45}},"4":{"start":{"line":9,"column":4},"end":{"line":9,"column":null}},"5":{"start":{"line":12,"column":15},"end":{"line":28,"column":null}},"6":{"start":{"line":13,"column":17},"end":{"line":13,"column":null}},"7":{"start":{"line":15,"column":21},"end":{"line":21,"column":null}},"8":{"start":{"line":15,"column":12},"end":{"line":15,"column":21}},"9":{"start":{"line":23,"column":4},"end":{"line":25,"column":null}},"10":{"start":{"line":24,"column":6},"end":{"line":24,"column":52}},"11":{"start":{"line":27,"column":4},"end":{"line":27,"column":16}},"12":{"start":{"line":29,"column":0},"end":{"line":29,"column":null}}},"fnMap":{"0":{"name":"(anonymous_19)","decl":{"start":{"line":7,"column":0},"end":{"line":7,"column":37}},"loc":{"start":{"line":7,"column":0},"end":{"line":29,"column":null}}},"1":{"name":"Cliente","decl":{"start":{"line":8,"column":2},"end":{"line":8,"column":14}},"loc":{"start":{"line":8,"column":29},"end":{"line":10,"column":3}}},"2":{"name":"(anonymous_21)","decl":{"start":{"line":12,"column":2},"end":{"line":12,"column":15}},"loc":{"start":{"line":14,"column":27},"end":{"line":28,"column":null}}}},"branchMap":{"0":{"loc":{"start":{"line":9,"column":4},"end":{"line":9,"column":17}},"type":"binary-expr","locations":[{"start":{"line":9,"column":4},"end":{"line":9,"column":17}},{"start":{"line":9,"column":17},"end":{"line":9,"column":null}}]},"1":{"loc":{"start":{"line":15,"column":21},"end":{"line":21,"column":null}},"type":"switch","locations":[{"start":{"line":15,"column":21},"end":{"line":21,"column":null}}]},"2":{"loc":{"start":{"line":23,"column":4},"end":{"line":25,"column":null}},"type":"if","locations":[{"start":{"line":23,"column":4},"end":{"line":25,"column":null}},{"start":{"line":23,"column":4},"end":{"line":25,"column":null}}]}},"s":{"0":0,"1":0,"2":0,"3":0,"4":0,"5":0,"6":0,"7":0,"8":0,"9":0,"10":0,"11":0,"12":0},"f":{"0":0,"1":0,"2":0},"b":{"0":[0,0],"1":[0],"2":[0,0]}}
,"/Users/bill/Documents/code/minha-lib-ts/src/resources/Resource.ts": {"path":"/Users/bill/Documents/code/minha-lib-ts/src/resources/Resource.ts","statementMap":{"0":{"start":{"line":1,"column":0},"end":{"line":1,"column":44}},"1":{"start":{"line":5,"column":0},"end":{"line":5,"column":42}},"2":{"start":{"line":7,"column":0},"end":{"line":7,"column":null}},"3":{"start":{"line":12,"column":4},"end":{"line":12,"column":25}},"4":{"start":{"line":13,"column":4},"end":{"line":13,"column":66}},"5":{"start":{"line":16,"column":10},"end":{"line":22,"column":null}},"6":{"start":{"line":17,"column":31},"end":{"line":17,"column":42}},"7":{"start":{"line":17,"column":19},"end":{"line":17,"column":21}},"8":{"start":{"line":17,"column":26},"end":{"line":17,"column":31}},"9":{"start":{"line":18,"column":4},"end":{"line":21,"column":6}},"10":{"start":{"line":24,"column":12},"end":{"line":47,"column":null}},"11":{"start":{"line":25,"column":4},"end":{"line":46,"column":null}},"12":{"start":{"line":26,"column":40},"end":{"line":26,"column":49}},"13":{"start":{"line":28,"column":6},"end":{"line":32,"column":null}},"14":{"start":{"line":29,"column":8},"end":{"line":31,"column":10}},"15":{"start":{"line":34,"column":6},"end":{"line":38,"column":8}},"16":{"start":{"line":40,"column":6},"end":{"line":42,"column":null}},"17":{"start":{"line":41,"column":8},"end":{"line":41,"column":39}},"18":{"start":{"line":43,"column":6},"end":{"line":45,"column":8}},"19":{"start":{"line":49,"column":18},"end":{"line":67,"column":null}},"20":{"start":{"line":50,"column":10},"end":{"line":50,"column":null}},"21":{"start":{"line":51,"column":8},"end":{"line":51,"column":null}},"22":{"start":{"line":52,"column":10},"end":{"line":52,"column":null}},"23":{"start":{"line":54,"column":10},"end":{"line":54,"column":31}},"24":{"start":{"line":56,"column":21},"end":{"line":64,"column":null}},"25":{"start":{"line":56,"column":10},"end":{"line":64,"column":null}},"26":{"start":{"line":66,"column":4},"end":{"line":66,"column":42}},"27":{"start":{"line":68,"column":0},"end":{"line":68,"column":null}}},"fnMap":{"0":{"name":"(anonymous_15)","decl":{"start":{"line":7,"column":0},"end":{"line":7,"column":null}},"loc":{"start":{"line":7,"column":0},"end":{"line":68,"column":null}}},"1":{"name":"Resource","decl":{"start":{"line":11,"column":2},"end":{"line":11,"column":14}},"loc":{"start":{"line":11,"column":29},"end":{"line":14,"column":3}}},"2":{"name":"(anonymous_17)","decl":{"start":{"line":16,"column":2},"end":{"line":16,"column":10}},"loc":{"start":{"line":16,"column":2},"end":{"line":22,"column":3}}},"3":{"name":"(anonymous_18)","decl":{"start":{"line":24,"column":2},"end":{"line":24,"column":12}},"loc":{"start":{"line":24,"column":50},"end":{"line":47,"column":3}}},"4":{"name":"(anonymous_19)","decl":{"start":{"line":49,"column":2},"end":{"line":49,"column":18}},"loc":{"start":{"line":53,"column":19},"end":{"line":67,"column":null}}}},"branchMap":{"0":{"loc":{"start":{"line":28,"column":6},"end":{"line":32,"column":null}},"type":"if","locations":[{"start":{"line":28,"column":6},"end":{"line":32,"column":null}},{"start":{"line":28,"column":6},"end":{"line":32,"column":null}}]},"1":{"loc":{"start":{"line":40,"column":6},"end":{"line":42,"column":null}},"type":"if","locations":[{"start":{"line":40,"column":6},"end":{"line":42,"column":null}},{"start":{"line":40,"column":6},"end":{"line":42,"column":null}}]}},"s":{"0":0,"1":0,"2":0,"3":0,"4":0,"5":0,"6":0,"7":0,"8":0,"9":0,"10":0,"11":0,"12":0,"13":0,"14":0,"15":0,"16":0,"17":0,"18":0,"19":0,"20":0,"21":0,"22":0,"23":0,"24":0,"25":0,"26":0,"27":0},"f":{"0":0,"1":0,"2":0,"3":0,"4":0},"b":{"0":[0,0],"1":[0,0]}}
,"/Users/bill/Documents/code/minha-lib-ts/src/resources/SimetraError.ts": {"path":"/Users/bill/Documents/code/minha-lib-ts/src/resources/SimetraError.ts","statementMap":{"0":{"start":{"line":1,"column":0},"end":{"line":1,"column":null}},"1":{"start":{"line":1,"column":42},"end":{"line":1,"column":47}},"2":{"start":{"line":3,"column":4},"end":{"line":3,"column":null}},"3":{"start":{"line":4,"column":4},"end":{"line":4,"column":56}},"4":{"start":{"line":6,"column":0},"end":{"line":6,"column":null}}},"fnMap":{"0":{"name":"(anonymous_6)","decl":{"start":{"line":1,"column":0},"end":{"line":1,"column":42}},"loc":{"start":{"line":1,"column":0},"end":{"line":6,"column":null}}},"1":{"name":"SimetraError","decl":{"start":{"line":2,"column":2},"end":{"line":2,"column":14}},"loc":{"start":{"line":2,"column":26},"end":{"line":5,"column":3}}}},"branchMap":{"0":{"loc":{"start":{"line":3,"column":4},"end":{"line":3,"column":15}},"type":"binary-expr","locations":[{"start":{"line":3,"column":4},"end":{"line":3,"column":15}},{"start":{"line":3,"column":15},"end":{"line":3,"column":null}}]}},"s":{"0":0,"1":0,"2":0,"3":0,"4":0},"f":{"0":0,"1":0},"b":{"0":[0,0]}}
}
