TN:
SF:src/simetra-sdk-DEV.ts
FN:8,(anonymous_13)
FNF:1
FNH:0
FNDA:0,(anonymous_13)
DA:1,0
DA:2,0
DA:3,0
DA:4,0
DA:8,0
DA:10,0
DA:15,0
DA:18,0
DA:20,0
LF:9
LH:0
BRDA:11,0,0,0
BRDA:11,0,1,0
BRDA:12,1,0,0
BRDA:12,1,1,0
BRDA:13,2,0,0
BRDA:13,2,1,0
BRF:6
BRH:0
end_of_record
TN:
SF:src/simetra-sdk.ts
FN:4,(anonymous_0)
FN:7,SimetraSdk
FN:11,(anonymous_2)
FNF:3
FNH:0
FNDA:0,(anonymous_0)
FNDA:0,SimetraSdk
FNDA:0,(anonymous_2)
DA:1,0
DA:4,0
DA:8,0
DA:11,0
DA:12,0
DA:14,0
LF:6
LH:0
BRF:0
BRH:0
end_of_record
TN:
SF:src/http/ApiError.ts
FN:4,(anonymous_0)
FN:9,ApiError
FNF:2
FNH:0
FNDA:0,(anonymous_0)
FNDA:0,ApiError
DA:4,0
DA:9,0
DA:10,0
DA:11,0
DA:12,0
DA:14,0
DA:15,0
DA:17,0
LF:8
LH:0
BRF:0
BRH:0
end_of_record
TN:
SF:src/http/HttpClient.ts
FN:7,(anonymous_13)
FN:10,HttpClient
FN:17,(anonymous_15)
FNF:3
FNH:0
FNDA:0,(anonymous_13)
FNDA:0,HttpClient
FNDA:0,(anonymous_15)
DA:2,0
DA:4,0
DA:7,0
DA:11,0
DA:17,0
DA:18,0
DA:19,0
DA:20,0
DA:21,0
DA:22,0
DA:25,0
DA:33,0
DA:37,0
DA:49,0
DA:51,0
DA:53,0
DA:59,0
DA:62,0
DA:64,0
LF:19
LH:0
BRDA:19,0,0,0
BRDA:19,0,1,0
BRDA:20,1,0,0
BRDA:20,1,1,0
BRDA:21,2,0,0
BRDA:21,2,1,0
BRDA:22,3,0,0
BRDA:22,3,1,0
BRDA:49,4,0,0
BRDA:49,4,1,0
BRF:10
BRH:0
end_of_record
TN:
SF:src/resources/Cliente.ts
FN:7,(anonymous_19)
FN:8,Cliente
FN:12,(anonymous_21)
FNF:3
FNH:0
FNDA:0,(anonymous_19)
FNDA:0,Cliente
FNDA:0,(anonymous_21)
DA:1,0
DA:5,0
DA:7,0
DA:9,0
DA:12,0
DA:13,0
DA:15,0
DA:23,0
DA:24,0
DA:27,0
DA:29,0
LF:11
LH:0
BRDA:9,0,0,0
BRDA:9,0,1,0
BRDA:15,1,0,0
BRDA:23,2,0,0
BRDA:23,2,1,0
BRF:5
BRH:0
end_of_record
TN:
SF:src/resources/Resource.ts
FN:7,(anonymous_15)
FN:11,Resource
FN:16,(anonymous_17)
FN:24,(anonymous_18)
FN:49,(anonymous_19)
FNF:5
FNH:0
FNDA:0,(anonymous_15)
FNDA:0,Resource
FNDA:0,(anonymous_17)
FNDA:0,(anonymous_18)
FNDA:0,(anonymous_19)
DA:1,0
DA:5,0
DA:7,0
DA:12,0
DA:13,0
DA:16,0
DA:17,0
DA:18,0
DA:24,0
DA:25,0
DA:26,0
DA:28,0
DA:29,0
DA:34,0
DA:40,0
DA:41,0
DA:43,0
DA:49,0
DA:50,0
DA:51,0
DA:52,0
DA:54,0
DA:56,0
DA:66,0
DA:68,0
LF:25
LH:0
BRDA:28,0,0,0
BRDA:28,0,1,0
BRDA:40,1,0,0
BRDA:40,1,1,0
BRF:4
BRH:0
end_of_record
TN:
SF:src/resources/SimetraError.ts
FN:1,(anonymous_6)
FN:2,SimetraError
FNF:2
FNH:0
FNDA:0,(anonymous_6)
FNDA:0,SimetraError
DA:1,0
DA:3,0
DA:4,0
DA:6,0
LF:4
LH:0
BRDA:3,0,0,0
BRDA:3,0,1,0
BRF:2
BRH:0
end_of_record
